whtsapp_messenger_view/build/intermediates/manifest_merge_blame_file/debug/manifest-merger-blame-debug-report.txt
1<?xml version="1.0" encoding="utf-8"?>
2<manifest xmlns:android="http://schemas.android.com/apk/res/android"
3    package="com.varunjohn1990.audio_record_view" >
4    <!--
5 <application
6        android:allowBackup="true"
7        android:supportsRtl="true"
8        android:theme="@style/AppTheme"/>
9    -->
10    <uses-sdk
11        android:minSdkVersion="21"
11-->src\main\AndroidManifest.xml
12        android:targetSdkVersion="29" />
12-->src\main\AndroidManifest.xml
13
14</manifest>